{"level":"warn","ts":"2023-07-24T07:58:30.975Z","caller":"server/config.go:331","msg":"WARNING: insecure default parameter value, change this for production!","param":"console.signing_key"}
{"level":"warn","ts":"2023-07-24T07:58:30.975Z","caller":"server/config.go:335","msg":"WARNING: insecure default parameter value, change this for production!","param":"socket.server_key"}
{"level":"warn","ts":"2023-07-24T07:58:30.975Z","caller":"server/config.go:339","msg":"WARNING: insecure default parameter value, change this for production!","param":"session.encryption_key"}
{"level":"warn","ts":"2023-07-24T07:58:30.975Z","caller":"server/config.go:343","msg":"WARNING: insecure default parameter value, change this for production!","param":"session.refresh_encryption_key"}
{"level":"warn","ts":"2023-07-24T07:58:30.984Z","caller":"server/config.go:347","msg":"WARNING: insecure default parameter value, change this for production!","param":"runtime.http_key"}
{"level":"info","ts":"2023-07-24T07:58:30.985Z","caller":"main.go:104","msg":"Nakama starting"}
{"level":"info","ts":"2023-07-24T07:58:30.985Z","caller":"main.go:105","msg":"Node","name":"nakama1","version":"3.17.0+b99f05a7","runtime":"go1.20.6","cpu":16,"proc":16}
{"level":"info","ts":"2023-07-24T07:58:30.985Z","caller":"main.go:106","msg":"Data directory","path":"./data/"}
{"level":"info","ts":"2023-07-24T07:58:30.985Z","caller":"main.go:117","msg":"Database connections","dsns":["postgres:xxxxx@postgres:5432/nakama"]}
{"level":"debug","ts":"2023-07-24T07:58:30.986Z","caller":"server/db.go:74","msg":"Complete database connection URL","raw_url":"postgres://postgres:localdb@postgres:5432/nakama?sslmode=prefer"}
{"level":"info","ts":"2023-07-24T07:58:30.988Z","caller":"main.go:123","msg":"Database information","version":"PostgreSQL 12.2 on x86_64-pc-linux-musl, compiled by gcc (Alpine 9.2.0) 9.2.0, 64-bit"}
{"level":"info","ts":"2023-07-24T07:58:30.994Z","caller":"server/leaderboard_rank_cache.go:120","msg":"Initializing leaderboard rank cache"}
{"level":"info","ts":"2023-07-24T07:58:30.995Z","caller":"server/runtime.go:628","msg":"Initialising runtime","path":"data/modules"}
{"level":"info","ts":"2023-07-24T07:58:30.995Z","caller":"server/leaderboard_rank_cache.go:181","msg":"Leaderboard rank cache initialization completed successfully","cached":[],"skipped":[],"duration":"895.47µs"}
{"level":"info","ts":"2023-07-24T07:58:30.998Z","caller":"server/runtime.go:635","msg":"Initialising runtime event queue processor"}
{"level":"info","ts":"2023-07-24T07:58:30.999Z","caller":"server/runtime.go:637","msg":"Runtime event queue processor started","size":65536,"workers":8}
{"level":"warn","ts":"2023-07-24T07:58:30.999Z","caller":"satori/satori.go:64","msg":"Satori configuration invalid: api_key_name not set, api_key not set, signing_key not set."}
{"level":"info","ts":"2023-07-24T07:58:30.999Z","caller":"server/runtime_go.go:2672","msg":"Initialising Go runtime provider","path":"data/modules"}
{"level":"info","ts":"2023-07-24T07:58:30.999Z","caller":"server/runtime_go.go:2696","msg":"Go runtime modules loaded"}
{"level":"info","ts":"2023-07-24T07:58:31.000Z","caller":"server/runtime_lua.go:115","msg":"Initialising Lua runtime provider","path":"data/modules"}
{"level":"warn","ts":"2023-07-24T07:58:31.000Z","caller":"satori/satori.go:64","msg":"Satori configuration invalid: api_key_name not set, api_key not set, signing_key not set."}
{"level":"info","ts":"2023-07-24T07:58:31.000Z","caller":"server/runtime_lua.go:1208","msg":"Lua runtime modules loaded"}
{"level":"info","ts":"2023-07-24T07:58:31.000Z","caller":"server/runtime_lua.go:1211","msg":"Allocating minimum Lua runtime pool","count":16}
{"level":"info","ts":"2023-07-24T07:58:31.000Z","caller":"server/runtime_lua.go:1219","msg":"Allocated minimum Lua runtime pool"}
{"level":"info","ts":"2023-07-24T07:58:31.001Z","caller":"server/runtime_javascript.go:631","msg":"Initialising JavaScript runtime provider","path":"data/modules","entrypoint":""}
{"level":"info","ts":"2023-07-24T07:58:31.001Z","caller":"server/runtime_javascript.go:1713","msg":"JavaScript runtime modules loaded"}
{"level":"info","ts":"2023-07-24T07:58:31.002Z","caller":"server/runtime_javascript.go:1716","msg":"Allocating minimum JavaScript runtime pool","count":16}
{"level":"info","ts":"2023-07-24T07:58:31.002Z","caller":"server/runtime_javascript.go:1724","msg":"Allocated minimum JavaScript runtime pool"}
{"level":"info","ts":"2023-07-24T07:58:31.002Z","caller":"server/runtime.go:670","msg":"Found runtime modules","count":0,"modules":[]}
{"level":"info","ts":"2023-07-24T07:58:31.002Z","caller":"server/leaderboard_scheduler.go:109","msg":"Leaderboard scheduler start"}
{"level":"info","ts":"2023-07-24T07:58:31.002Z","caller":"server/leaderboard_scheduler.go:304","msg":"Leaderboard scheduler update","end_active":"-1ns","end_active_count":0,"expiry":"-1ns","expiry_count":0}
{"level":"info","ts":"2023-07-24T07:58:31.002Z","caller":"server/api.go:138","msg":"Starting API server for gRPC requests","port":7349}
{"level":"info","ts":"2023-07-24T07:58:31.003Z","caller":"server/api.go:289","msg":"Starting API server gateway for HTTP requests","port":7350}
{"level":"info","ts":"2023-07-24T07:58:31.005Z","caller":"server/console.go:220","msg":"Starting Console server for gRPC requests","port":7348}
{"level":"info","ts":"2023-07-24T07:58:31.005Z","caller":"server/console.go:323","msg":"Starting Console server gateway for HTTP requests","port":7351}
{"level":"info","ts":"2023-07-24T07:58:31.222Z","caller":"main.go:194","msg":"Startup done"}
{"level":"info","ts":"2023-07-24T08:03:14.488Z","caller":"main.go:210","msg":"Shutdown started"}
{"level":"info","ts":"2023-07-24T08:03:14.490Z","caller":"main.go:217","msg":"All authoritative matches stopped"}
{"level":"info","ts":"2023-07-24T08:03:14.711Z","caller":"main.go:251","msg":"Shutdown complete"}
{"level":"warn","ts":"2023-07-24T08:03:16.168Z","caller":"server/config.go:331","msg":"WARNING: insecure default parameter value, change this for production!","param":"console.signing_key"}
{"level":"warn","ts":"2023-07-24T08:03:16.168Z","caller":"server/config.go:335","msg":"WARNING: insecure default parameter value, change this for production!","param":"socket.server_key"}
{"level":"warn","ts":"2023-07-24T08:03:16.169Z","caller":"server/config.go:339","msg":"WARNING: insecure default parameter value, change this for production!","param":"session.encryption_key"}
{"level":"warn","ts":"2023-07-24T08:03:16.169Z","caller":"server/config.go:343","msg":"WARNING: insecure default parameter value, change this for production!","param":"session.refresh_encryption_key"}
{"level":"warn","ts":"2023-07-24T08:03:16.169Z","caller":"server/config.go:347","msg":"WARNING: insecure default parameter value, change this for production!","param":"runtime.http_key"}
{"level":"info","ts":"2023-07-24T08:03:16.169Z","caller":"main.go:104","msg":"Nakama starting"}
{"level":"info","ts":"2023-07-24T08:03:16.169Z","caller":"main.go:105","msg":"Node","name":"nakama1","version":"3.17.0+b99f05a7","runtime":"go1.20.6","cpu":16,"proc":16}
{"level":"info","ts":"2023-07-24T08:03:16.169Z","caller":"main.go:106","msg":"Data directory","path":"./data/"}
{"level":"info","ts":"2023-07-24T08:03:16.169Z","caller":"main.go:117","msg":"Database connections","dsns":["postgres:xxxxx@postgres:5432/nakama"]}
{"level":"debug","ts":"2023-07-24T08:03:16.170Z","caller":"server/db.go:74","msg":"Complete database connection URL","raw_url":"postgres://postgres:localdb@postgres:5432/nakama?sslmode=prefer"}
{"level":"info","ts":"2023-07-24T08:03:16.173Z","caller":"main.go:123","msg":"Database information","version":"PostgreSQL 12.2 on x86_64-pc-linux-musl, compiled by gcc (Alpine 9.2.0) 9.2.0, 64-bit"}
{"level":"info","ts":"2023-07-24T08:03:16.179Z","caller":"server/leaderboard_rank_cache.go:120","msg":"Initializing leaderboard rank cache"}
{"level":"info","ts":"2023-07-24T08:03:16.180Z","caller":"server/runtime.go:628","msg":"Initialising runtime","path":"data/modules"}
{"level":"info","ts":"2023-07-24T08:03:16.179Z","caller":"server/leaderboard_rank_cache.go:181","msg":"Leaderboard rank cache initialization completed successfully","cached":[],"skipped":[],"duration":"499.944µs"}
{"level":"info","ts":"2023-07-24T08:03:16.183Z","caller":"server/runtime.go:635","msg":"Initialising runtime event queue processor"}
{"level":"info","ts":"2023-07-24T08:03:16.183Z","caller":"server/runtime.go:637","msg":"Runtime event queue processor started","size":65536,"workers":8}
{"level":"warn","ts":"2023-07-24T08:03:16.183Z","caller":"satori/satori.go:64","msg":"Satori configuration invalid: api_key_name not set, api_key not set, signing_key not set."}
{"level":"info","ts":"2023-07-24T08:03:16.183Z","caller":"server/runtime_go.go:2672","msg":"Initialising Go runtime provider","path":"data/modules"}
{"level":"info","ts":"2023-07-24T08:03:16.183Z","caller":"server/runtime_go.go:2696","msg":"Go runtime modules loaded"}
{"level":"info","ts":"2023-07-24T08:03:16.184Z","caller":"server/runtime_lua.go:115","msg":"Initialising Lua runtime provider","path":"data/modules"}
{"level":"warn","ts":"2023-07-24T08:03:16.184Z","caller":"satori/satori.go:64","msg":"Satori configuration invalid: api_key_name not set, api_key not set, signing_key not set."}
{"level":"info","ts":"2023-07-24T08:03:16.184Z","caller":"server/runtime_lua.go:1208","msg":"Lua runtime modules loaded"}
{"level":"info","ts":"2023-07-24T08:03:16.184Z","caller":"server/runtime_lua.go:1211","msg":"Allocating minimum Lua runtime pool","count":16}
{"level":"info","ts":"2023-07-24T08:03:16.184Z","caller":"server/runtime_lua.go:1219","msg":"Allocated minimum Lua runtime pool"}
{"level":"info","ts":"2023-07-24T08:03:16.184Z","caller":"server/runtime_javascript.go:631","msg":"Initialising JavaScript runtime provider","path":"data/modules","entrypoint":""}
{"level":"info","ts":"2023-07-24T08:03:16.185Z","caller":"server/runtime_javascript.go:1713","msg":"JavaScript runtime modules loaded"}
{"level":"info","ts":"2023-07-24T08:03:16.185Z","caller":"server/runtime_javascript.go:1716","msg":"Allocating minimum JavaScript runtime pool","count":16}
{"level":"info","ts":"2023-07-24T08:03:16.185Z","caller":"server/runtime_javascript.go:1724","msg":"Allocated minimum JavaScript runtime pool"}
{"level":"info","ts":"2023-07-24T08:03:16.186Z","caller":"server/runtime.go:670","msg":"Found runtime modules","count":0,"modules":[]}
{"level":"info","ts":"2023-07-24T08:03:16.186Z","caller":"server/leaderboard_scheduler.go:109","msg":"Leaderboard scheduler start"}
{"level":"info","ts":"2023-07-24T08:03:16.186Z","caller":"server/leaderboard_scheduler.go:304","msg":"Leaderboard scheduler update","end_active":"-1ns","end_active_count":0,"expiry":"-1ns","expiry_count":0}
{"level":"info","ts":"2023-07-24T08:03:16.186Z","caller":"server/api.go:138","msg":"Starting API server for gRPC requests","port":7349}
{"level":"info","ts":"2023-07-24T08:03:16.187Z","caller":"server/api.go:289","msg":"Starting API server gateway for HTTP requests","port":7350}
{"level":"info","ts":"2023-07-24T08:03:16.189Z","caller":"server/console.go:220","msg":"Starting Console server for gRPC requests","port":7348}
{"level":"info","ts":"2023-07-24T08:03:16.189Z","caller":"server/console.go:323","msg":"Starting Console server gateway for HTTP requests","port":7351}
{"level":"info","ts":"2023-07-24T08:03:16.505Z","caller":"main.go:194","msg":"Startup done"}
{"level":"info","ts":"2023-07-24T08:04:07.845Z","caller":"main.go:210","msg":"Shutdown started"}
{"level":"info","ts":"2023-07-24T08:04:07.847Z","caller":"main.go:217","msg":"All authoritative matches stopped"}
{"level":"info","ts":"2023-07-24T08:04:07.911Z","caller":"main.go:251","msg":"Shutdown complete"}
{"level":"warn","ts":"2023-07-24T08:04:09.297Z","caller":"server/config.go:327","msg":"WARNING: insecure default parameter value, change this for production!","param":"console.password"}
{"level":"warn","ts":"2023-07-24T08:04:09.298Z","caller":"server/config.go:331","msg":"WARNING: insecure default parameter value, change this for production!","param":"console.signing_key"}
{"level":"warn","ts":"2023-07-24T08:04:09.298Z","caller":"server/config.go:335","msg":"WARNING: insecure default parameter value, change this for production!","param":"socket.server_key"}
{"level":"warn","ts":"2023-07-24T08:04:09.298Z","caller":"server/config.go:339","msg":"WARNING: insecure default parameter value, change this for production!","param":"session.encryption_key"}
{"level":"warn","ts":"2023-07-24T08:04:09.298Z","caller":"server/config.go:343","msg":"WARNING: insecure default parameter value, change this for production!","param":"session.refresh_encryption_key"}
{"level":"warn","ts":"2023-07-24T08:04:09.298Z","caller":"server/config.go:347","msg":"WARNING: insecure default parameter value, change this for production!","param":"runtime.http_key"}
{"level":"info","ts":"2023-07-24T08:04:09.298Z","caller":"main.go:104","msg":"Nakama starting"}
{"level":"info","ts":"2023-07-24T08:04:09.299Z","caller":"main.go:105","msg":"Node","name":"nakama1","version":"3.17.0+b99f05a7","runtime":"go1.20.6","cpu":16,"proc":16}
{"level":"info","ts":"2023-07-24T08:04:09.299Z","caller":"main.go:106","msg":"Data directory","path":"./data/"}
{"level":"info","ts":"2023-07-24T08:04:09.299Z","caller":"main.go:117","msg":"Database connections","dsns":["postgres:xxxxx@postgres:5432/nakama"]}
{"level":"debug","ts":"2023-07-24T08:04:09.299Z","caller":"server/db.go:74","msg":"Complete database connection URL","raw_url":"postgres://postgres:localdb@postgres:5432/nakama?sslmode=prefer"}
{"level":"info","ts":"2023-07-24T08:04:09.302Z","caller":"main.go:123","msg":"Database information","version":"PostgreSQL 12.2 on x86_64-pc-linux-musl, compiled by gcc (Alpine 9.2.0) 9.2.0, 64-bit"}
{"level":"info","ts":"2023-07-24T08:04:09.306Z","caller":"server/leaderboard_rank_cache.go:120","msg":"Initializing leaderboard rank cache"}
{"level":"info","ts":"2023-07-24T08:04:09.307Z","caller":"server/leaderboard_rank_cache.go:181","msg":"Leaderboard rank cache initialization completed successfully","cached":[],"skipped":[],"duration":"300.879µs"}
{"level":"info","ts":"2023-07-24T08:04:09.307Z","caller":"server/runtime.go:628","msg":"Initialising runtime","path":"data/modules"}
{"level":"info","ts":"2023-07-24T08:04:09.309Z","caller":"server/runtime.go:635","msg":"Initialising runtime event queue processor"}
{"level":"info","ts":"2023-07-24T08:04:09.310Z","caller":"server/runtime.go:637","msg":"Runtime event queue processor started","size":65536,"workers":8}
{"level":"warn","ts":"2023-07-24T08:04:09.310Z","caller":"satori/satori.go:64","msg":"Satori configuration invalid: api_key_name not set, api_key not set, signing_key not set."}
{"level":"info","ts":"2023-07-24T08:04:09.310Z","caller":"server/runtime_go.go:2672","msg":"Initialising Go runtime provider","path":"data/modules"}
{"level":"info","ts":"2023-07-24T08:04:09.310Z","caller":"server/runtime_go.go:2696","msg":"Go runtime modules loaded"}
{"level":"info","ts":"2023-07-24T08:04:09.310Z","caller":"server/runtime_lua.go:115","msg":"Initialising Lua runtime provider","path":"data/modules"}
{"level":"warn","ts":"2023-07-24T08:04:09.311Z","caller":"satori/satori.go:64","msg":"Satori configuration invalid: api_key_name not set, api_key not set, signing_key not set."}
{"level":"info","ts":"2023-07-24T08:04:09.311Z","caller":"server/runtime_lua.go:1208","msg":"Lua runtime modules loaded"}
{"level":"info","ts":"2023-07-24T08:04:09.311Z","caller":"server/runtime_lua.go:1211","msg":"Allocating minimum Lua runtime pool","count":16}
{"level":"info","ts":"2023-07-24T08:04:09.311Z","caller":"server/runtime_lua.go:1219","msg":"Allocated minimum Lua runtime pool"}
{"level":"info","ts":"2023-07-24T08:04:09.311Z","caller":"server/runtime_javascript.go:631","msg":"Initialising JavaScript runtime provider","path":"data/modules","entrypoint":""}
{"level":"info","ts":"2023-07-24T08:04:09.312Z","caller":"server/runtime_javascript.go:1713","msg":"JavaScript runtime modules loaded"}
{"level":"info","ts":"2023-07-24T08:04:09.312Z","caller":"server/runtime_javascript.go:1716","msg":"Allocating minimum JavaScript runtime pool","count":16}
{"level":"info","ts":"2023-07-24T08:04:09.312Z","caller":"server/runtime_javascript.go:1724","msg":"Allocated minimum JavaScript runtime pool"}
{"level":"info","ts":"2023-07-24T08:04:09.313Z","caller":"server/runtime.go:670","msg":"Found runtime modules","count":0,"modules":[]}
{"level":"info","ts":"2023-07-24T08:04:09.313Z","caller":"server/leaderboard_scheduler.go:109","msg":"Leaderboard scheduler start"}
{"level":"info","ts":"2023-07-24T08:04:09.313Z","caller":"server/leaderboard_scheduler.go:304","msg":"Leaderboard scheduler update","end_active":"-1ns","end_active_count":0,"expiry":"-1ns","expiry_count":0}
{"level":"info","ts":"2023-07-24T08:04:09.313Z","caller":"server/api.go:138","msg":"Starting API server for gRPC requests","port":7349}
{"level":"info","ts":"2023-07-24T08:04:09.314Z","caller":"server/api.go:289","msg":"Starting API server gateway for HTTP requests","port":7350}
{"level":"info","ts":"2023-07-24T08:04:09.316Z","caller":"server/console.go:220","msg":"Starting Console server for gRPC requests","port":7348}
{"level":"info","ts":"2023-07-24T08:04:09.316Z","caller":"server/console.go:323","msg":"Starting Console server gateway for HTTP requests","port":7351}
{"level":"info","ts":"2023-07-24T08:04:09.630Z","caller":"main.go:194","msg":"Startup done"}
{"level":"info","ts":"2023-07-24T09:06:46.802Z","caller":"main.go:210","msg":"Shutdown started"}
{"level":"info","ts":"2023-07-24T09:06:46.803Z","caller":"main.go:217","msg":"All authoritative matches stopped"}
{"level":"info","ts":"2023-07-24T09:06:46.974Z","caller":"main.go:251","msg":"Shutdown complete"}
{"level":"fatal","ts":"2023-07-24T09:17:45.698Z","caller":"server/config.go:306","msg":"JavaScript entrypoint must be a valid path","error":"stat data/modules/build/index.js: no such file or directory"}
{"level":"fatal","ts":"2023-07-24T09:17:46.444Z","caller":"server/config.go:306","msg":"JavaScript entrypoint must be a valid path","error":"stat data/modules/build/index.js: no such file or directory"}
{"level":"fatal","ts":"2023-07-24T09:17:47.183Z","caller":"server/config.go:306","msg":"JavaScript entrypoint must be a valid path","error":"stat data/modules/build/index.js: no such file or directory"}
{"level":"fatal","ts":"2023-07-24T09:17:47.936Z","caller":"server/config.go:306","msg":"JavaScript entrypoint must be a valid path","error":"stat data/modules/build/index.js: no such file or directory"}
{"level":"fatal","ts":"2023-07-24T09:17:49.061Z","caller":"server/config.go:306","msg":"JavaScript entrypoint must be a valid path","error":"stat data/modules/build/index.js: no such file or directory"}
{"level":"fatal","ts":"2023-07-24T09:17:51.016Z","caller":"server/config.go:306","msg":"JavaScript entrypoint must be a valid path","error":"stat data/modules/build/index.js: no such file or directory"}
{"level":"fatal","ts":"2023-07-24T09:17:54.511Z","caller":"server/config.go:306","msg":"JavaScript entrypoint must be a valid path","error":"stat data/modules/build/index.js: no such file or directory"}
{"level":"fatal","ts":"2023-07-24T09:18:01.290Z","caller":"server/config.go:306","msg":"JavaScript entrypoint must be a valid path","error":"stat data/modules/build/index.js: no such file or directory"}
{"level":"fatal","ts":"2023-07-24T09:18:14.495Z","caller":"server/config.go:306","msg":"JavaScript entrypoint must be a valid path","error":"stat data/modules/build/index.js: no such file or directory"}
{"level":"fatal","ts":"2023-07-24T09:18:31.561Z","caller":"server/config.go:306","msg":"JavaScript entrypoint must be a valid path","error":"stat data/modules/build/index.js: no such file or directory"}
{"level":"fatal","ts":"2023-07-24T09:18:32.208Z","caller":"server/config.go:306","msg":"JavaScript entrypoint must be a valid path","error":"stat data/modules/build/index.js: no such file or directory"}
{"level":"fatal","ts":"2023-07-24T09:18:32.950Z","caller":"server/config.go:306","msg":"JavaScript entrypoint must be a valid path","error":"stat data/modules/build/index.js: no such file or directory"}
{"level":"fatal","ts":"2023-07-24T09:18:33.771Z","caller":"server/config.go:306","msg":"JavaScript entrypoint must be a valid path","error":"stat data/modules/build/index.js: no such file or directory"}
{"level":"fatal","ts":"2023-07-24T09:18:34.971Z","caller":"server/config.go:306","msg":"JavaScript entrypoint must be a valid path","error":"stat data/modules/build/index.js: no such file or directory"}
{"level":"fatal","ts":"2023-07-24T09:18:36.978Z","caller":"server/config.go:306","msg":"JavaScript entrypoint must be a valid path","error":"stat data/modules/build/index.js: no such file or directory"}
{"level":"fatal","ts":"2023-07-24T09:18:40.557Z","caller":"server/config.go:306","msg":"JavaScript entrypoint must be a valid path","error":"stat data/modules/build/index.js: no such file or directory"}
{"level":"fatal","ts":"2023-07-24T09:18:47.369Z","caller":"server/config.go:306","msg":"JavaScript entrypoint must be a valid path","error":"stat data/modules/build/index.js: no such file or directory"}
{"level":"fatal","ts":"2023-07-24T09:19:00.539Z","caller":"server/config.go:306","msg":"JavaScript entrypoint must be a valid path","error":"stat data/modules/build/index.js: no such file or directory"}
{"level":"fatal","ts":"2023-07-24T09:19:26.570Z","caller":"server/config.go:306","msg":"JavaScript entrypoint must be a valid path","error":"stat data/modules/build/index.js: no such file or directory"}
{"level":"fatal","ts":"2023-07-24T09:20:18.073Z","caller":"server/config.go:306","msg":"JavaScript entrypoint must be a valid path","error":"stat data/modules/build/index.js: no such file or directory"}
{"level":"fatal","ts":"2023-07-24T09:21:20.888Z","caller":"server/config.go:306","msg":"JavaScript entrypoint must be a valid path","error":"stat data/modules/build/index.js: no such file or directory"}
{"level":"fatal","ts":"2023-07-24T09:21:21.572Z","caller":"server/config.go:306","msg":"JavaScript entrypoint must be a valid path","error":"stat data/modules/build/index.js: no such file or directory"}
{"level":"fatal","ts":"2023-07-24T09:21:22.223Z","caller":"server/config.go:306","msg":"JavaScript entrypoint must be a valid path","error":"stat data/modules/build/index.js: no such file or directory"}
{"level":"fatal","ts":"2023-07-24T09:21:23.056Z","caller":"server/config.go:306","msg":"JavaScript entrypoint must be a valid path","error":"stat data/modules/build/index.js: no such file or directory"}
{"level":"fatal","ts":"2023-07-24T09:21:24.204Z","caller":"server/config.go:306","msg":"JavaScript entrypoint must be a valid path","error":"stat data/modules/build/index.js: no such file or directory"}
{"level":"fatal","ts":"2023-07-24T09:23:31.500Z","caller":"server/config.go:306","msg":"JavaScript entrypoint must be a valid path","error":"stat data/modules/build/index.js: no such file or directory"}
{"level":"fatal","ts":"2023-07-24T09:23:32.090Z","caller":"server/config.go:306","msg":"JavaScript entrypoint must be a valid path","error":"stat data/modules/build/index.js: no such file or directory"}
{"level":"fatal","ts":"2023-07-24T09:23:32.774Z","caller":"server/config.go:306","msg":"JavaScript entrypoint must be a valid path","error":"stat data/modules/build/index.js: no such file or directory"}
{"level":"fatal","ts":"2023-07-24T09:23:33.589Z","caller":"server/config.go:306","msg":"JavaScript entrypoint must be a valid path","error":"stat data/modules/build/index.js: no such file or directory"}
{"level":"fatal","ts":"2023-07-24T09:23:34.724Z","caller":"server/config.go:306","msg":"JavaScript entrypoint must be a valid path","error":"stat data/modules/build/index.js: no such file or directory"}
{"level":"fatal","ts":"2023-07-24T09:23:36.663Z","caller":"server/config.go:306","msg":"JavaScript entrypoint must be a valid path","error":"stat data/modules/build/index.js: no such file or directory"}
{"level":"fatal","ts":"2023-07-24T09:23:40.205Z","caller":"server/config.go:306","msg":"JavaScript entrypoint must be a valid path","error":"stat data/modules/build/index.js: no such file or directory"}
{"level":"fatal","ts":"2023-07-24T09:23:46.981Z","caller":"server/config.go:306","msg":"JavaScript entrypoint must be a valid path","error":"stat data/modules/build/index.js: no such file or directory"}
{"level":"fatal","ts":"2023-07-24T09:24:00.148Z","caller":"server/config.go:306","msg":"JavaScript entrypoint must be a valid path","error":"stat data/modules/build/index.js: no such file or directory"}
{"level":"fatal","ts":"2023-07-24T09:24:26.151Z","caller":"server/config.go:306","msg":"JavaScript entrypoint must be a valid path","error":"stat data/modules/build/index.js: no such file or directory"}
{"level":"fatal","ts":"2023-07-24T09:25:17.770Z","caller":"server/config.go:306","msg":"JavaScript entrypoint must be a valid path","error":"stat data/modules/build/index.js: no such file or directory"}
{"level":"fatal","ts":"2023-07-24T09:26:18.187Z","caller":"server/config.go:306","msg":"JavaScript entrypoint must be a valid path","error":"stat data/modules/build/index.js: no such file or directory"}
